
** maxlevel set to 4
  **
  ** Beginning refinement level 0
  **

[pxl-System-Product-Name]
%IMPACT-I (openwt): Request to open FORMATTED file prepwizard-impref_2_ref0.out on unit   2
 Entering IMPACT execution environment 
 Date: Monday, February 28 2022, at 14:18:59 CST
 Impact version 88139
 mmshare version        51139
 Copyright (c) Schrodinger, LLC.
 All Rights Reserved.

 Host: Linux pxl-System-Product-Name 4.15.0-142-generic #146-Ubuntu SMP Tue Apr 13 01:11:19 UTC 2021 x86_64
 Job Name: prepwizard-impref_2_ref0
 SCHRODINGER  directory: /localhome/Softwares/schrodinger
 IMPACT_EXEC  directory: /localhome/Softwares/schrodinger/impact-v8.8/bin/Linux-x86_64
 MMSHARE_EXEC directory: /localhome/Softwares/schrodinger/mmshare-v5.1/bin/Linux-x86_64

 Clock-based global random seed:     1646029139
%IMPACT-I(foldmain): calling OPLS3e atomtyping ...
%IMPACT-I(foldmain): finished parameter assignment
 PARM read from file "paramstd.dat"
 Parameter obtained from atomtyping
      Current coord. are written to file: "prepwizard-impref_2.init_coord.rst"
      Box dimensions not written


 Total number of atoms  =  9504
 
 Neighbor List Cutoff Settings
 ==================================
 Cutoff radius:   10.0000000000000     
 Update frequency: every           10  steps
 Species   1 : Neighbors are calculated on a per residue basis
 Species   1 : Cutoff by inter-atomic distances
 
 Step number:          0         Non-bonded count:  3031849
 E-pot        RMS grad     Max grad    
  1.72913E+04  1.34680E+03  1.35742E+05
 Step number:         10         Non-bonded count:  3031849
 -2.91048E+03  3.84081E+00  1.18074E+02
 Step number:         20         Non-bonded count:  3029517
 -3.49479E+03  1.90269E+00  7.08631E+01
 Step number:         30         Non-bonded count:  3028634
 -3.76137E+03  1.35594E+00  6.23688E+01
 Step number:         40         Non-bonded count:  3029942
 -3.94851E+03  1.10624E+00  4.55133E+01
 Step number:         50         Non-bonded count:  3031173
 -4.07662E+03  9.47888E-01  2.66084E+01
 Step number:         60         Non-bonded count:  3031276
 -4.16981E+03  8.47278E-01  1.81667E+01
 Step number:         70         Non-bonded count:  3031510
 -4.24647E+03  7.56520E-01  1.94066E+01
 Step number:         80         Non-bonded count:  3032913
 -4.30402E+03  6.82507E-01  1.71428E+01
 Step number:         90         Non-bonded count:  3033138
 -4.35310E+03  5.68448E-01  1.43246E+01
 Step number:        100         Non-bonded count:  3033247
 -4.38925E+03  5.31573E-01  1.28811E+01
 Step number:        100         Non-bonded count:  3031018
 -4.38917E+03  5.31574E-01  1.28802E+01
      Current coord. are written to file: "prepwizard-impref_2.min0_coord.rst"
      Box dimensions not written
      Current coordinates are read from file: "prepwizard-impref_2.init_coord.rst"
      Box dimensions not read
          read from "prepwizard-impref_2.init_coord.rst"
  
 Energy and Force Generation Info: 
 --------------------------------- 
 Number of E&F called:     309
 PARM read from file "paramstd.dat"
 Parameter obtained from atomtyping
      Current coordinates are read from file: "prepwizard-impref_2.min0_coord.rst"
      Box dimensions not read
          read from "prepwizard-impref_2.min0_coord.rst"


 Total number of atoms  =  9504
 
 Neighbor List Cutoff Settings
 ==================================
 Cutoff radius:   10.0000000000000     
 Update frequency: every           10  steps
 Species   1 : Neighbors are calculated on a per residue basis
 Species   1 : Cutoff by inter-atomic distances
 
 Step number:          0         Non-bonded count:  3031018
 E-pot        RMS grad     Max grad    
 -7.71022E+02  5.91360E+00  4.89565E+01
 Step number:         10         Non-bonded count:  3031018
 -2.59466E+03  2.08380E+00  5.03255E+01
 Step number:         20         Non-bonded count:  3028630
 -2.89164E+03  1.24173E+00  2.58331E+01
 Step number:         30         Non-bonded count:  3029601
 -3.01372E+03  8.13190E-01  2.09162E+01
 Step number:         40         Non-bonded count:  3028355
 -3.06826E+03  5.81289E-01  1.37688E+01
 Step number:         50         Non-bonded count:  3026767
 -3.09907E+03  4.20625E-01  6.78500E+00
 Step number:         60         Non-bonded count:  3025736
 -3.11920E+03  3.97539E-01  1.29791E+01
 Step number:         70         Non-bonded count:  3026137
 -3.13769E+03  3.87238E-01  9.71821E+00
 Step number:         80         Non-bonded count:  3027268
 -3.15335E+03  3.26173E-01  1.01444E+01
 Step number:         90         Non-bonded count:  3025708
 -3.16430E+03  3.15253E-01  8.51266E+00
 Step number:        100         Non-bonded count:  3025257
 -3.17311E+03  2.64071E-01  8.13678E+00
 Step number:        100         Non-bonded count:  3025357
 -3.17324E+03  2.64056E-01  8.13340E+00
  
 Energy and Force Generation Info: 
 --------------------------------- 
 Number of E&F called:     601


Final Energy Reports:
------------------------------------
 Total Energy of the system...... -3.17324E+03 kcal/mol
 Total Potential Energy.......... -3.17324E+03 kcal/mol
 Total Kinetic Energy............  0.00000E+00 kcal/mol
 Temperature of the system.......        0.000 K
 Bond Stretch Energy.............  1.95812E+02 kcal/mol
 Angle Bending Energy............  1.08541E+03 kcal/mol
 Torsion Angle Energy............  8.83714E+02 kcal/mol
 Restraining Energy for Torsions.  0.00000E+00 kcal/mol
 1,4 Lennard Jones Energy........  2.73894E+03 kcal/mol
 1,4 Electrostatic Energy........  1.29149E+03 kcal/mol
 Lennard Jones Energy............ -5.36931E+03 kcal/mol
 Electrostatic Energy............ -4.31457E+03 kcal/mol
 H-bond Energy...................  0.00000E+00 kcal/mol
 
 Exiting IMPACT execution environment 
 Date: Monday, February 28 2022, at 14:19:55 CST
%IMPACT-I (timit): Total CPU time =      55.65 seconds (   0.9 minutes)
Total elapsed time = 56 seconds
  ** Completed refinement level 0      rmsd =  0.088
  **
  ** Beginning refinement level 1
  **

[pxl-System-Product-Name]
%IMPACT-I (openwt): Request to open FORMATTED file prepwizard-impref_2_ref1.out on unit   2
 Entering IMPACT execution environment 
 Date: Monday, February 28 2022, at 14:19:56 CST
 Impact version 88139
 mmshare version        51139
 Copyright (c) Schrodinger, LLC.
 All Rights Reserved.

 Host: Linux pxl-System-Product-Name 4.15.0-142-generic #146-Ubuntu SMP Tue Apr 13 01:11:19 UTC 2021 x86_64
 Job Name: prepwizard-impref_2_ref1
 SCHRODINGER  directory: /localhome/Softwares/schrodinger
 IMPACT_EXEC  directory: /localhome/Softwares/schrodinger/impact-v8.8/bin/Linux-x86_64
 MMSHARE_EXEC directory: /localhome/Softwares/schrodinger/mmshare-v5.1/bin/Linux-x86_64

 Clock-based global random seed:     1646029196
%IMPACT-I(foldmain): calling OPLS3e atomtyping ...
%IMPACT-I(foldmain): finished parameter assignment
 PARM read from file "paramstd.dat"
 Parameter obtained from atomtyping


 Total number of atoms  =  9504
 
 Neighbor List Cutoff Settings
 ==================================
 Cutoff radius:   10.0000000000000     
 Update frequency: every           10  steps
 Species   1 : Neighbors are calculated on a per residue basis
 Species   1 : Cutoff by inter-atomic distances
 
 Step number:          0         Non-bonded count:  3025357
 E-pot        RMS grad     Max grad    
 -3.48851E+03  7.12736E-01  1.12133E+01
 Step number:         10         Non-bonded count:  3025357
 -3.62944E+03  8.83185E-01  3.34829E+01
 Step number:         20         Non-bonded count:  3023324
 -3.69834E+03  6.54521E-01  2.32500E+01
 Step number:         30         Non-bonded count:  3022590
 -3.72917E+03  4.03461E-01  1.07456E+01
 Step number:         40         Non-bonded count:  3019010
 -3.74545E+03  3.22310E-01  8.73527E+00
 Step number:         50         Non-bonded count:  3017119
 -3.75632E+03  2.53712E-01  5.82682E+00
 Step number:         60         Non-bonded count:  3018450
 -3.76415E+03  2.13699E-01  3.27247E+00
 Step number:         70         Non-bonded count:  3018854
 -3.76886E+03  1.83717E-01  2.28513E+00
 Step number:         80         Non-bonded count:  3019249
 -3.77252E+03  1.60207E-01  2.78699E+00
 Step number:         90         Non-bonded count:  3019050
 -3.77577E+03  1.58186E-01  4.59155E+00
 Step number:        100         Non-bonded count:  3020386
 -3.77788E+03  1.27924E-01  2.77608E+00
 Step number:        100         Non-bonded count:  3020820
 E-pot        RMS grad     Max grad    
 -3.77663E+03  1.27937E-01  2.77608E+00
  
 Energy and Force Generation Info: 
 --------------------------------- 
 Number of E&F called:     262


Final Energy Reports:
------------------------------------
 Total Energy of the system...... -3.77663E+03 kcal/mol
 Total Potential Energy.......... -3.77663E+03 kcal/mol
 Total Kinetic Energy............  0.00000E+00 kcal/mol
 Temperature of the system.......        0.000 K
 Bond Stretch Energy.............  2.42632E+02 kcal/mol
 Angle Bending Energy............  1.15163E+03 kcal/mol
 Torsion Angle Energy............  8.06230E+02 kcal/mol
 Restraining Energy for Torsions.  0.00000E+00 kcal/mol
 1,4 Lennard Jones Energy........  2.57498E+03 kcal/mol
 1,4 Electrostatic Energy........  1.27780E+03 kcal/mol
 Lennard Jones Energy............ -5.70577E+03 kcal/mol
 Electrostatic Energy............ -4.25054E+03 kcal/mol
 H-bond Energy...................  0.00000E+00 kcal/mol
 
 Exiting IMPACT execution environment 
 Date: Monday, February 28 2022, at 14:20:39 CST
%IMPACT-I (timit): Total CPU time =      42.80 seconds (   0.7 minutes)
Total elapsed time = 43 seconds
  ** Completed refinement level 1      rmsd =  0.180
  **
  ** Beginning refinement level 2
  **

[pxl-System-Product-Name]
%IMPACT-I (openwt): Request to open FORMATTED file prepwizard-impref_2_ref2.out on unit   2
 Entering IMPACT execution environment 
 Date: Monday, February 28 2022, at 14:20:40 CST
 Impact version 88139
 mmshare version        51139
 Copyright (c) Schrodinger, LLC.
 All Rights Reserved.

 Host: Linux pxl-System-Product-Name 4.15.0-142-generic #146-Ubuntu SMP Tue Apr 13 01:11:19 UTC 2021 x86_64
 Job Name: prepwizard-impref_2_ref2
 SCHRODINGER  directory: /localhome/Softwares/schrodinger
 IMPACT_EXEC  directory: /localhome/Softwares/schrodinger/impact-v8.8/bin/Linux-x86_64
 MMSHARE_EXEC directory: /localhome/Softwares/schrodinger/mmshare-v5.1/bin/Linux-x86_64

 Clock-based global random seed:     1646029240
%IMPACT-I(foldmain): calling OPLS3e atomtyping ...
%IMPACT-I(foldmain): finished parameter assignment
 PARM read from file "paramstd.dat"
 Parameter obtained from atomtyping


 Total number of atoms  =  9504
 
 Neighbor List Cutoff Settings
 ==================================
 Cutoff radius:   10.0000000000000     
 Update frequency: every           10  steps
 Species   1 : Neighbors are calculated on a per residue basis
 Species   1 : Cutoff by inter-atomic distances
 
 Step number:          0         Non-bonded count:  3020820
 E-pot        RMS grad     Max grad    
 -3.90309E+03  2.61813E-01  3.93261E+00
 Step number:         10         Non-bonded count:  3020820
 -3.93586E+03  6.04147E-01  1.32970E+01
 Step number:         20         Non-bonded count:  3017446
 -3.97472E+03  5.53401E-01  9.11661E+00
 Step number:         30         Non-bonded count:  3017754
 -3.99980E+03  3.94098E-01  4.46265E+00
 Step number:         40         Non-bonded count:  3016673
 -4.01169E+03  3.55082E-01  1.32150E+01
 Step number:         50         Non-bonded count:  3015692
 -4.02268E+03  2.80837E-01  8.19051E+00
 Step number:         60         Non-bonded count:  3014412
 -4.03136E+03  2.99692E-01  1.01926E+01
 Step number:         70         Non-bonded count:  3013084
 -4.03765E+03  2.31115E-01  8.68766E+00
 Step number:         80         Non-bonded count:  3013612
 -4.04232E+03  1.95629E-01  4.91128E+00
 Step number:         90         Non-bonded count:  3015152
 -4.04666E+03  1.67770E-01  2.72673E+00
 Step number:        100         Non-bonded count:  3014524
 -4.04931E+03  1.65092E-01  4.30485E+00
 Step number:        100         Non-bonded count:  3015122
 E-pot        RMS grad     Max grad    
 -4.04896E+03  1.65147E-01  4.30485E+00
  
 Energy and Force Generation Info: 
 --------------------------------- 
 Number of E&F called:     284


Final Energy Reports:
------------------------------------
 Total Energy of the system...... -4.04896E+03 kcal/mol
 Total Potential Energy.......... -4.04896E+03 kcal/mol
 Total Kinetic Energy............  0.00000E+00 kcal/mol
 Temperature of the system.......        0.000 K
 Bond Stretch Energy.............  2.58651E+02 kcal/mol
 Angle Bending Energy............  1.16803E+03 kcal/mol
 Torsion Angle Energy............  7.37371E+02 kcal/mol
 Restraining Energy for Torsions.  0.00000E+00 kcal/mol
 1,4 Lennard Jones Energy........  2.52245E+03 kcal/mol
 1,4 Electrostatic Energy........  1.27109E+03 kcal/mol
 Lennard Jones Energy............ -5.85361E+03 kcal/mol
 Electrostatic Energy............ -4.23182E+03 kcal/mol
 H-bond Energy...................  0.00000E+00 kcal/mol
 
 Exiting IMPACT execution environment 
 Date: Monday, February 28 2022, at 14:21:21 CST
%IMPACT-I (timit): Total CPU time =      41.72 seconds (   0.7 minutes)
Total elapsed time = 41 seconds
  ** Completed refinement level 2      rmsd =  0.293
  **
  ** Beginning refinement level 3
  **

[pxl-System-Product-Name]
%IMPACT-I (openwt): Request to open FORMATTED file prepwizard-impref_2_ref3.out on unit   2
 Entering IMPACT execution environment 
 Date: Monday, February 28 2022, at 14:21:22 CST
 Impact version 88139
 mmshare version        51139
 Copyright (c) Schrodinger, LLC.
 All Rights Reserved.

 Host: Linux pxl-System-Product-Name 4.15.0-142-generic #146-Ubuntu SMP Tue Apr 13 01:11:19 UTC 2021 x86_64
 Job Name: prepwizard-impref_2_ref3
 SCHRODINGER  directory: /localhome/Softwares/schrodinger
 IMPACT_EXEC  directory: /localhome/Softwares/schrodinger/impact-v8.8/bin/Linux-x86_64
 MMSHARE_EXEC directory: /localhome/Softwares/schrodinger/mmshare-v5.1/bin/Linux-x86_64

 Clock-based global random seed:     1646029282
%IMPACT-I(foldmain): calling OPLS3e atomtyping ...
%IMPACT-I(foldmain): finished parameter assignment
 PARM read from file "paramstd.dat"
 Parameter obtained from atomtyping


 Total number of atoms  =  9504
 
 Neighbor List Cutoff Settings
 ==================================
 Cutoff radius:   10.0000000000000     
 Update frequency: every           10  steps
 Species   1 : Neighbors are calculated on a per residue basis
 Species   1 : Cutoff by inter-atomic distances
 
 Step number:          0         Non-bonded count:  3015122
 E-pot        RMS grad     Max grad    
 -4.12786E+03  1.95090E-01  4.55156E+00
 Step number:         10         Non-bonded count:  3015122
 -4.13773E+03  4.91324E-01  1.81720E+01
 Step number:         20         Non-bonded count:  3014251
 -4.15989E+03  3.60959E-01  4.62251E+00
 Step number:         30         Non-bonded count:  3011989
 -4.17533E+03  3.60720E-01  1.55643E+01
 Step number:         40         Non-bonded count:  3011445
 -4.18984E+03  3.14831E-01  1.38331E+01
 Step number:         50         Non-bonded count:  3011400
 -4.20427E+03  3.31752E-01  8.54524E+00
 Step number:         60         Non-bonded count:  3010995
 -4.21487E+03  2.64966E-01  8.22298E+00
 Step number:         70         Non-bonded count:  3010440
 -4.22360E+03  2.58376E-01  1.19085E+01
 Step number:         80         Non-bonded count:  3012580
 -4.23068E+03  2.17723E-01  9.21757E+00
 Step number:         90         Non-bonded count:  3013410
 -4.23616E+03  1.93996E-01  4.23302E+00
 Step number:        100         Non-bonded count:  3012931
 -4.24021E+03  1.87138E-01  8.77850E+00
 Step number:        100         Non-bonded count:  3013133
 -4.23968E+03  1.87174E-01  8.77850E+00
  
 Energy and Force Generation Info: 
 --------------------------------- 
 Number of E&F called:     290


Final Energy Reports:
------------------------------------
 Total Energy of the system...... -4.23968E+03 kcal/mol
 Total Potential Energy.......... -4.23968E+03 kcal/mol
 Total Kinetic Energy............  0.00000E+00 kcal/mol
 Temperature of the system.......        0.000 K
 Bond Stretch Energy.............  2.63529E+02 kcal/mol
 Angle Bending Energy............  1.17561E+03 kcal/mol
 Torsion Angle Energy............  6.78796E+02 kcal/mol
 Restraining Energy for Torsions.  0.00000E+00 kcal/mol
 1,4 Lennard Jones Energy........  2.50393E+03 kcal/mol
 1,4 Electrostatic Energy........  1.26873E+03 kcal/mol
 Lennard Jones Energy............ -5.91071E+03 kcal/mol
 Electrostatic Energy............ -4.26237E+03 kcal/mol
 H-bond Energy...................  0.00000E+00 kcal/mol
 
 Exiting IMPACT execution environment 
 Date: Monday, February 28 2022, at 14:22:05 CST
%IMPACT-I (timit): Total CPU time =      42.21 seconds (   0.7 minutes)
Total elapsed time = 43 seconds
  ** Completed refinement level 3      rmsd =  0.430

** Refinement finished. Final level: 2

** The refined complex file is prepwizard-impref_2_ref.mae.
