
** maxlevel set to 4
  **
  ** Beginning refinement level 0
  **

[pxl-System-Product-Name]
%IMPACT-I (openwt): Request to open FORMATTED file prepwizard-impref_3_ref0.out on unit   2
 Entering IMPACT execution environment 
 Date: Monday, February 28 2022, at 14:27:51 CST
 Impact version 88139
 mmshare version        51139
 Copyright (c) Schrodinger, LLC.
 All Rights Reserved.

 Host: Linux pxl-System-Product-Name 4.15.0-142-generic #146-Ubuntu SMP Tue Apr 13 01:11:19 UTC 2021 x86_64
 Job Name: prepwizard-impref_3_ref0
 SCHRODINGER  directory: /localhome/Softwares/schrodinger
 IMPACT_EXEC  directory: /localhome/Softwares/schrodinger/impact-v8.8/bin/Linux-x86_64
 MMSHARE_EXEC directory: /localhome/Softwares/schrodinger/mmshare-v5.1/bin/Linux-x86_64

 Clock-based global random seed:     1646029671
%IMPACT-I(foldmain): calling OPLS3e atomtyping ...
%IMPACT-I(foldmain): finished parameter assignment
 PARM read from file "paramstd.dat"
 Parameter obtained from atomtyping
      Current coord. are written to file: "prepwizard-impref_3.init_coord.rst"
      Box dimensions not written


 Total number of atoms  =  9506
 
 Neighbor List Cutoff Settings
 ==================================
 Cutoff radius:   10.0000000000000     
 Update frequency: every           10  steps
 Species   1 : Neighbors are calculated on a per residue basis
 Species   1 : Cutoff by inter-atomic distances
 
 Step number:          0         Non-bonded count:  3032995
 E-pot        RMS grad     Max grad    
  1.09852E+04  1.34620E+03  1.35742E+05
 Step number:         10         Non-bonded count:  3032995
 -3.94355E+03  2.35929E+00  1.08550E+02
 Step number:         20         Non-bonded count:  3031102
 -4.30063E+03  1.28358E+00  2.38106E+01
 Step number:         30         Non-bonded count:  3032251
 -4.43248E+03  8.75415E-01  1.25461E+01
 Step number:         40         Non-bonded count:  3033266
 -4.50632E+03  6.58720E-01  1.45887E+01
 Step number:         50         Non-bonded count:  3032676
 -4.54613E+03  4.87218E-01  8.80514E+00
 Step number:         60         Non-bonded count:  3033009
 -4.57009E+03  4.00756E-01  5.42990E+00
 Step number:         70         Non-bonded count:  3032140
 -4.58741E+03  3.52875E-01  9.36877E+00
 Step number:         80         Non-bonded count:  3032393
 -4.59993E+03  3.15122E-01  5.92624E+00
 Step number:         90         Non-bonded count:  3033266
 -4.60987E+03  2.77486E-01  4.18769E+00
 Step number:        100         Non-bonded count:  3034367
 -4.61760E+03  2.39597E-01  4.97881E+00
 Step number:        100         Non-bonded count:  3033566
 -4.61795E+03  2.39611E-01  4.97881E+00
      Current coord. are written to file: "prepwizard-impref_3.min0_coord.rst"
      Box dimensions not written
      Current coordinates are read from file: "prepwizard-impref_3.init_coord.rst"
      Box dimensions not read
          read from "prepwizard-impref_3.init_coord.rst"
  
 Energy and Force Generation Info: 
 --------------------------------- 
 Number of E&F called:     276
 PARM read from file "paramstd.dat"
 Parameter obtained from atomtyping
      Current coordinates are read from file: "prepwizard-impref_3.min0_coord.rst"
      Box dimensions not read
          read from "prepwizard-impref_3.min0_coord.rst"


 Total number of atoms  =  9506
 
 Neighbor List Cutoff Settings
 ==================================
 Cutoff radius:   10.0000000000000     
 Update frequency: every           10  steps
 Species   1 : Neighbors are calculated on a per residue basis
 Species   1 : Cutoff by inter-atomic distances
 
 Step number:          0         Non-bonded count:  3033566
 E-pot        RMS grad     Max grad    
 -1.08549E+03  5.84346E+00  5.06096E+01
 Step number:         10         Non-bonded count:  3033566
 -2.82645E+03  1.85297E+00  3.12106E+01
 Step number:         20         Non-bonded count:  3031509
 -3.10548E+03  1.16053E+00  1.21945E+01
 Step number:         30         Non-bonded count:  3030979
 -3.20851E+03  7.13161E-01  9.98029E+00
 Step number:         40         Non-bonded count:  3029708
 -3.25327E+03  5.11996E-01  9.69343E+00
 Step number:         50         Non-bonded count:  3028687
 -3.27550E+03  3.34834E-01  4.73688E+00
 Step number:         60         Non-bonded count:  3027615
 -3.28892E+03  3.11053E-01  8.19587E+00
 Step number:         70         Non-bonded count:  3028537
 -3.29755E+03  2.52785E-01  3.63499E+00
 Step number:         80         Non-bonded count:  3030411
 -3.30533E+03  2.43638E-01  6.49934E+00
 Step number:         90         Non-bonded count:  3029368
 -3.31193E+03  2.14369E-01  7.43289E+00
 Step number:        100         Non-bonded count:  3029887
 -3.31613E+03  1.83982E-01  3.99806E+00
 Step number:        100         Non-bonded count:  3029018
 -3.31607E+03  1.83985E-01  3.99806E+00
  
 Energy and Force Generation Info: 
 --------------------------------- 
 Number of E&F called:     571


Final Energy Reports:
------------------------------------
 Total Energy of the system...... -3.31607E+03 kcal/mol
 Total Potential Energy.......... -3.31607E+03 kcal/mol
 Total Kinetic Energy............  0.00000E+00 kcal/mol
 Temperature of the system.......        0.000 K
 Bond Stretch Energy.............  1.94939E+02 kcal/mol
 Angle Bending Energy............  1.08790E+03 kcal/mol
 Torsion Angle Energy............  8.83557E+02 kcal/mol
 Restraining Energy for Torsions.  0.00000E+00 kcal/mol
 1,4 Lennard Jones Energy........  2.73497E+03 kcal/mol
 1,4 Electrostatic Energy........  1.29569E+03 kcal/mol
 Lennard Jones Energy............ -5.37203E+03 kcal/mol
 Electrostatic Energy............ -4.44111E+03 kcal/mol
 H-bond Energy...................  0.00000E+00 kcal/mol
 
 Exiting IMPACT execution environment 
 Date: Monday, February 28 2022, at 14:28:45 CST
%IMPACT-I (timit): Total CPU time =      53.69 seconds (   0.9 minutes)
Total elapsed time = 54 seconds
  ** Completed refinement level 0      rmsd =  0.093
  **
  ** Beginning refinement level 1
  **

[pxl-System-Product-Name]
%IMPACT-I (openwt): Request to open FORMATTED file prepwizard-impref_3_ref1.out on unit   2
 Entering IMPACT execution environment 
 Date: Monday, February 28 2022, at 14:28:46 CST
 Impact version 88139
 mmshare version        51139
 Copyright (c) Schrodinger, LLC.
 All Rights Reserved.

 Host: Linux pxl-System-Product-Name 4.15.0-142-generic #146-Ubuntu SMP Tue Apr 13 01:11:19 UTC 2021 x86_64
 Job Name: prepwizard-impref_3_ref1
 SCHRODINGER  directory: /localhome/Softwares/schrodinger
 IMPACT_EXEC  directory: /localhome/Softwares/schrodinger/impact-v8.8/bin/Linux-x86_64
 MMSHARE_EXEC directory: /localhome/Softwares/schrodinger/mmshare-v5.1/bin/Linux-x86_64

 Clock-based global random seed:     1646029726
%IMPACT-I(foldmain): calling OPLS3e atomtyping ...
%IMPACT-I(foldmain): finished parameter assignment
 PARM read from file "paramstd.dat"
 Parameter obtained from atomtyping


 Total number of atoms  =  9506
 
 Neighbor List Cutoff Settings
 ==================================
 Cutoff radius:   10.0000000000000     
 Update frequency: every           10  steps
 Species   1 : Neighbors are calculated on a per residue basis
 Species   1 : Cutoff by inter-atomic distances
 
 Step number:          0         Non-bonded count:  3029018
 E-pot        RMS grad     Max grad    
 -3.61608E+03  6.71471E-01  8.50097E+00
 Step number:         10         Non-bonded count:  3029018
 -3.74411E+03  8.36365E-01  2.64862E+01
 Step number:         20         Non-bonded count:  3026999
 -3.80887E+03  5.72267E-01  1.61521E+01
 Step number:         30         Non-bonded count:  3025207
 -3.83456E+03  3.81312E-01  5.32398E+00
 Step number:         40         Non-bonded count:  3022322
 -3.85131E+03  2.97331E-01  5.78901E+00
 Step number:         50         Non-bonded count:  3020970
 -3.85917E+03  2.29936E-01  3.16545E+00
 Step number:         60         Non-bonded count:  3021984
 -3.86486E+03  1.84938E-01  3.67373E+00
 Step number:         70         Non-bonded count:  3020758
 -3.86898E+03  1.59713E-01  3.40493E+00
 Step number:         80         Non-bonded count:  3020383
 -3.87226E+03  1.35349E-01  3.54138E+00
 Step number:         90         Non-bonded count:  3021675
 -3.87434E+03  1.41407E-01  4.09335E+00
 Step number:        100         Non-bonded count:  3021431
 -3.87623E+03  1.19741E-01  3.32945E+00
 Step number:        100         Non-bonded count:  3021071
 E-pot        RMS grad     Max grad    
 -3.87576E+03  1.19737E-01  3.32945E+00
  
 Energy and Force Generation Info: 
 --------------------------------- 
 Number of E&F called:     278


Final Energy Reports:
------------------------------------
 Total Energy of the system...... -3.87576E+03 kcal/mol
 Total Potential Energy.......... -3.87576E+03 kcal/mol
 Total Kinetic Energy............  0.00000E+00 kcal/mol
 Temperature of the system.......        0.000 K
 Bond Stretch Energy.............  2.42231E+02 kcal/mol
 Angle Bending Energy............  1.15275E+03 kcal/mol
 Torsion Angle Energy............  8.06541E+02 kcal/mol
 Restraining Energy for Torsions.  0.00000E+00 kcal/mol
 1,4 Lennard Jones Energy........  2.57447E+03 kcal/mol
 1,4 Electrostatic Energy........  1.28224E+03 kcal/mol
 Lennard Jones Energy............ -5.69952E+03 kcal/mol
 Electrostatic Energy............ -4.35112E+03 kcal/mol
 H-bond Energy...................  0.00000E+00 kcal/mol
 
 Exiting IMPACT execution environment 
 Date: Monday, February 28 2022, at 14:29:27 CST
%IMPACT-I (timit): Total CPU time =      41.22 seconds (   0.7 minutes)
Total elapsed time = 42 seconds
  ** Completed refinement level 1      rmsd =  0.179
  **
  ** Beginning refinement level 2
  **

[pxl-System-Product-Name]
%IMPACT-I (openwt): Request to open FORMATTED file prepwizard-impref_3_ref2.out on unit   2
 Entering IMPACT execution environment 
 Date: Monday, February 28 2022, at 14:29:28 CST
 Impact version 88139
 mmshare version        51139
 Copyright (c) Schrodinger, LLC.
 All Rights Reserved.

 Host: Linux pxl-System-Product-Name 4.15.0-142-generic #146-Ubuntu SMP Tue Apr 13 01:11:19 UTC 2021 x86_64
 Job Name: prepwizard-impref_3_ref2
 SCHRODINGER  directory: /localhome/Softwares/schrodinger
 IMPACT_EXEC  directory: /localhome/Softwares/schrodinger/impact-v8.8/bin/Linux-x86_64
 MMSHARE_EXEC directory: /localhome/Softwares/schrodinger/mmshare-v5.1/bin/Linux-x86_64

 Clock-based global random seed:     1646029768
%IMPACT-I(foldmain): calling OPLS3e atomtyping ...
%IMPACT-I(foldmain): finished parameter assignment
 PARM read from file "paramstd.dat"
 Parameter obtained from atomtyping


 Total number of atoms  =  9506
 
 Neighbor List Cutoff Settings
 ==================================
 Cutoff radius:   10.0000000000000     
 Update frequency: every           10  steps
 Species   1 : Neighbors are calculated on a per residue basis
 Species   1 : Cutoff by inter-atomic distances
 
 Step number:          0         Non-bonded count:  3021071
 E-pot        RMS grad     Max grad    
 -3.99243E+03  2.49582E-01  3.32754E+00
 Step number:         10         Non-bonded count:  3021071
 -4.02423E+03  5.97999E-01  1.36568E+01
 Step number:         20         Non-bonded count:  3021944
 -4.05941E+03  5.50133E-01  6.74759E+00
 Step number:         30         Non-bonded count:  3020215
 -4.08161E+03  3.93420E-01  1.19859E+01
 Step number:         40         Non-bonded count:  3017997
 -4.09400E+03  3.10722E-01  5.07097E+00
 Step number:         50         Non-bonded count:  3016504
 -4.10513E+03  2.86819E-01  5.82677E+00
 Step number:         60         Non-bonded count:  3016346
 -4.11301E+03  2.52409E-01  4.71191E+00
 Step number:         70         Non-bonded count:  3015922
 -4.11826E+03  2.20117E-01  3.69862E+00
 Step number:         80         Non-bonded count:  3017434
 -4.12302E+03  1.92466E-01  2.99444E+00
 Step number:         90         Non-bonded count:  3017260
 -4.12744E+03  1.73977E-01  5.40502E+00
 Step number:        100         Non-bonded count:  3017831
 -4.13049E+03  1.58525E-01  2.68169E+00
 Step number:        100         Non-bonded count:  3018544
 -4.12906E+03  1.58553E-01  2.68169E+00
  
 Energy and Force Generation Info: 
 --------------------------------- 
 Number of E&F called:     281


Final Energy Reports:
------------------------------------
 Total Energy of the system...... -4.12906E+03 kcal/mol
 Total Potential Energy.......... -4.12906E+03 kcal/mol
 Total Kinetic Energy............  0.00000E+00 kcal/mol
 Temperature of the system.......        0.000 K
 Bond Stretch Energy.............  2.57907E+02 kcal/mol
 Angle Bending Energy............  1.16773E+03 kcal/mol
 Torsion Angle Energy............  7.38317E+02 kcal/mol
 Restraining Energy for Torsions.  0.00000E+00 kcal/mol
 1,4 Lennard Jones Energy........  2.52293E+03 kcal/mol
 1,4 Electrostatic Energy........  1.27569E+03 kcal/mol
 Lennard Jones Energy............ -5.84313E+03 kcal/mol
 Electrostatic Energy............ -4.32305E+03 kcal/mol
 H-bond Energy...................  0.00000E+00 kcal/mol
 
 Exiting IMPACT execution environment 
 Date: Monday, February 28 2022, at 14:30:09 CST
%IMPACT-I (timit): Total CPU time =      41.41 seconds (   0.7 minutes)
Total elapsed time = 42 seconds
  ** Completed refinement level 2      rmsd =  0.287
  **
  ** Beginning refinement level 3
  **

[pxl-System-Product-Name]
%IMPACT-I (openwt): Request to open FORMATTED file prepwizard-impref_3_ref3.out on unit   2
 Entering IMPACT execution environment 
 Date: Monday, February 28 2022, at 14:30:10 CST
 Impact version 88139
 mmshare version        51139
 Copyright (c) Schrodinger, LLC.
 All Rights Reserved.

 Host: Linux pxl-System-Product-Name 4.15.0-142-generic #146-Ubuntu SMP Tue Apr 13 01:11:19 UTC 2021 x86_64
 Job Name: prepwizard-impref_3_ref3
 SCHRODINGER  directory: /localhome/Softwares/schrodinger
 IMPACT_EXEC  directory: /localhome/Softwares/schrodinger/impact-v8.8/bin/Linux-x86_64
 MMSHARE_EXEC directory: /localhome/Softwares/schrodinger/mmshare-v5.1/bin/Linux-x86_64

 Clock-based global random seed:     1646029810
%IMPACT-I(foldmain): calling OPLS3e atomtyping ...
%IMPACT-I(foldmain): finished parameter assignment
 PARM read from file "paramstd.dat"
 Parameter obtained from atomtyping


 Total number of atoms  =  9506
 
 Neighbor List Cutoff Settings
 ==================================
 Cutoff radius:   10.0000000000000     
 Update frequency: every           10  steps
 Species   1 : Neighbors are calculated on a per residue basis
 Species   1 : Cutoff by inter-atomic distances
 
 Step number:          0         Non-bonded count:  3018544
 E-pot        RMS grad     Max grad    
 -4.20361E+03  1.88733E-01  2.57602E+00
 Step number:         10         Non-bonded count:  3018544
 -4.21300E+03  4.93116E-01  1.57755E+01
 Step number:         20         Non-bonded count:  3018673
 -4.23358E+03  3.47017E-01  8.23854E+00
 Step number:         30         Non-bonded count:  3018694
 -4.24968E+03  3.55872E-01  9.18218E+00
 Step number:         40         Non-bonded count:  3017578
 -4.26244E+03  3.31456E-01  6.10017E+00
 Step number:         50         Non-bonded count:  3014923
 -4.27708E+03  3.39287E-01  6.90075E+00
 Step number:         60         Non-bonded count:  3012698
 -4.28782E+03  2.50998E-01  3.42412E+00
 Step number:         70         Non-bonded count:  3011390
 -4.29694E+03  2.43639E-01  8.64434E+00
 Step number:         80         Non-bonded count:  3011378
 -4.30359E+03  2.18633E-01  3.26817E+00
 Step number:         90         Non-bonded count:  3012419
 -4.30991E+03  2.20800E-01  7.14652E+00
 Step number:        100         Non-bonded count:  3013800
 -4.31426E+03  2.00494E-01  4.83181E+00
 Step number:        100         Non-bonded count:  3014417
 E-pot        RMS grad     Max grad    
 -4.31481E+03  2.00538E-01  4.83181E+00
  
 Energy and Force Generation Info: 
 --------------------------------- 
 Number of E&F called:     285


Final Energy Reports:
------------------------------------
 Total Energy of the system...... -4.31481E+03 kcal/mol
 Total Potential Energy.......... -4.31481E+03 kcal/mol
 Total Kinetic Energy............  0.00000E+00 kcal/mol
 Temperature of the system.......        0.000 K
 Bond Stretch Energy.............  2.63002E+02 kcal/mol
 Angle Bending Energy............  1.17452E+03 kcal/mol
 Torsion Angle Energy............  6.79692E+02 kcal/mol
 Restraining Energy for Torsions.  0.00000E+00 kcal/mol
 1,4 Lennard Jones Energy........  2.50376E+03 kcal/mol
 1,4 Electrostatic Energy........  1.27270E+03 kcal/mol
 Lennard Jones Energy............ -5.90190E+03 kcal/mol
 Electrostatic Energy............ -4.35121E+03 kcal/mol
 H-bond Energy...................  0.00000E+00 kcal/mol
 
 Exiting IMPACT execution environment 
 Date: Monday, February 28 2022, at 14:30:52 CST
%IMPACT-I (timit): Total CPU time =      42.39 seconds (   0.7 minutes)
Total elapsed time = 42 seconds
  ** Completed refinement level 3      rmsd =  0.427

** Refinement finished. Final level: 2

** The refined complex file is prepwizard-impref_3_ref.mae.
